SF:lib/limited_wrap.dart
DA:30,2
DA:38,6
DA:70,2
DA:72,2
DA:73,2
DA:74,2
DA:75,2
DA:76,2
DA:80,2
DA:83,4
DA:84,4
DA:85,4
DA:86,4
DA:89,0
DA:91,0
DA:93,0
DA:94,0
DA:95,0
LF:18
LH:13
end_of_record
SF:lib/limited_wrap_render_object.dart
DA:11,2
DA:21,2
DA:30,4
DA:32,2
DA:33,4
DA:34,1
DA:35,1
DA:38,4
DA:40,2
DA:41,4
DA:42,1
DA:43,1
DA:46,4
DA:48,2
DA:49,4
DA:50,1
DA:51,1
DA:54,4
DA:56,2
DA:57,4
DA:58,1
DA:59,1
DA:60,1
DA:64,2
DA:66,4
DA:67,4
DA:71,0
DA:74,0
DA:77,0
DA:78,0
DA:84,1
DA:87,1
DA:90,2
DA:91,1
DA:97,0
DA:99,0
DA:102,1
DA:104,3
DA:107,1
DA:109,1
DA:112,1
DA:114,1
DA:118,1
DA:122,2
DA:123,1
DA:124,1
DA:126,1
DA:128,1
DA:129,1
DA:130,1
DA:133,3
DA:134,4
DA:136,4
DA:140,1
DA:141,1
DA:142,1
DA:144,1
DA:145,1
DA:146,1
DA:150,1
DA:153,2
DA:154,3
DA:156,2
DA:157,3
DA:160,2
DA:164,2
DA:170,10
DA:174,1
DA:175,4
DA:176,5
DA:177,1
DA:178,1
DA:179,1
DA:182,2
DA:184,2
DA:185,2
DA:187,2
DA:188,0
DA:192,4
DA:193,2
DA:194,2
DA:195,2
DA:197,2
DA:198,2
DA:199,2
DA:203,2
DA:209,2
DA:210,2
DA:212,2
DA:217,2
DA:223,2
DA:226,2
DA:227,4
DA:230,2
DA:231,2
DA:235,2
DA:236,2
DA:237,2
DA:240,4
DA:241,2
DA:246,2
DA:247,4
DA:248,4
DA:252,2
DA:259,4
DA:260,4
DA:262,2
DA:263,2
DA:264,2
DA:268,2
DA:271,2
DA:272,4
DA:276,2
DA:282,2
DA:283,2
DA:285,2
DA:294,4
DA:295,2
DA:300,2
DA:301,2
DA:302,2
DA:303,8
DA:304,6
DA:305,6
DA:307,4
DA:311,2
DA:319,2
DA:320,2
DA:323,2
DA:324,2
DA:325,2
DA:327,2
DA:330,2
DA:331,2
DA:335,2
DA:336,2
DA:337,2
DA:342,2
DA:346,4
DA:351,2
DA:355,2
DA:356,2
DA:361,2
DA:363,4
DA:364,2
DA:365,6
DA:367,4
DA:368,2
DA:374,2
DA:375,2
DA:382,2
DA:383,8
DA:384,6
DA:386,2
DA:387,6
DA:390,10
DA:391,2
DA:392,2
DA:393,2
DA:397,2
DA:403,4
DA:404,6
DA:407,4
DA:408,6
DA:409,4
DA:413,2
DA:418,8
DA:419,6
DA:421,2
DA:422,6
DA:425,10
DA:429,2
DA:430,10
DA:431,18
DA:436,2
DA:438,2
DA:440,6
DA:441,2
DA:445,2
DA:446,4
DA:448,4
DA:449,2
DA:451,4
DA:452,10
DA:455,2
DA:458,8
DA:462,0
DA:464,0
DA:467,2
DA:469,6
DA:470,6
DA:471,2
DA:473,4
DA:474,4
DA:475,2
DA:476,4
DA:479,4
DA:480,2
DA:485,2
DA:486,2
DA:488,2
DA:489,4
DA:490,6
DA:492,2
DA:496,2
DA:498,4
DA:499,2
DA:502,0
DA:504,0
DA:506,0
DA:507,0
DA:508,0
LF:212
LH:198
end_of_record
SF:lib/models/run_metrics.dart
DA:4,2
LF:1
LH:1
end_of_record
